# JRE version: OpenJDK Runtime Environment Temurin-21.0.10+7 (21.0.10+7) (build 21.0.10+7-LTS)
# Java VM: OpenJDK 64-Bit Server VM Temurin-21.0.10+7 (21.0.10+7-LTS, mixed mode, sharing, tiered, compressed oops, compressed class ptrs, parallel gc, windows-amd64)
GC Precious Log:
 CardTable entry size: 512
 CPUs: 8 total, 8 available
 Memory: 7918M
 Large Page Support: Disabled
 NUMA Support: Disabled
 Compressed Oops: Enabled (32-bit)
 Alignments: Space 512K, Generation 512K, Heap 2M
 Heap Min Capacity: 100M
 Heap Initial Capacity: 100M
 Heap Max Capacity: 2G
 Pre-touch: Disabled
 Parallel Workers: 8
Heap:
 PSYoungGen      total 5120K, used 980K [0x00000000d5580000, 0x00000000d5d00000, 0x0000000100000000)
  eden space 4608K, 17% used [0x00000000d5580000,0x00000000d56451a8,0x00000000d5a00000)
  from space 512K, 37% used [0x00000000d5c80000,0x00000000d5cb0000,0x00000000d5d00000)
  to   space 512K, 0% used [0x00000000d5c00000,0x00000000d5c00000,0x00000000d5c80000)
 ParOldGen       total 438272K, used 75847K [0x0000000080000000, 0x000000009ac00000, 0x00000000d5580000)
  object space 438272K, 17% used [0x0000000080000000,0x0000000084a11cb0,0x000000009ac00000)
 Metaspace       used 71409K, committed 73088K, reserved 1114112K
  class space    used 7272K, committed 8000K, reserved 1048576K
GC Heap History (20 events):
Event: 4298.817 GC heap before
{Heap before GC invocations=847 (full 4):
 PSYoungGen      total 5120K, used 4736K [0x00000000d5580000, 0x00000000d5d00000, 0x0000000100000000)
  eden space 4608K, 100% used [0x00000000d5580000,0x00000000d5a00000,0x00000000d5a00000)
  from space 512K, 25% used [0x00000000d5c80000,0x00000000d5ca0000,0x00000000d5d00000)
  to   space 512K, 0% used [0x00000000d5c00000,0x00000000d5c00000,0x00000000d5c80000)
 ParOldGen       total 438272K, used 75679K [0x0000000080000000, 0x000000009ac00000, 0x00000000d5580000)
  object space 438272K, 17% used [0x0000000080000000,0x00000000849e7c90,0x000000009ac00000)
 Metaspace       used 71274K, committed 72896K, reserved 1114112K
  class space    used 7249K, committed 7936K, reserved 1048576K
}
Event: 4298.818 GC heap after
{Heap after GC invocations=847 (full 4):
 PSYoungGen      total 5120K, used 128K [0x00000000d5580000, 0x00000000d5d00000, 0x0000000100000000)
  eden space 4608K, 0% used [0x00000000d5580000,0x00000000d5580000,0x00000000d5a00000)
  from space 512K, 25% used [0x00000000d5c00000,0x00000000d5c20000,0x00000000d5c80000)
  to   space 512K, 0% used [0x00000000d5c80000,0x00000000d5c80000,0x00000000d5d00000)
 ParOldGen       total 438272K, used 75679K [0x0000000080000000, 0x000000009ac00000, 0x00000000d5580000)
  object space 438272K, 17% used [0x0000000080000000,0x00000000849e7c90,0x000000009ac00000)
 Metaspace       used 71274K, committed 72896K, reserved 1114112K
  class space    used 7249K, committed 7936K, reserved 1048576K
}
Event: 4300.539 GC heap before
{Heap before GC invocations=848 (full 4):
 PSYoungGen      total 5120K, used 4735K [0x00000000d5580000, 0x00000000d5d00000, 0x0000000100000000)
  eden space 4608K, 99% used [0x00000000d5580000,0x00000000d59ffff8,0x00000000d5a00000)
  from space 512K, 25% used [0x00000000d5c00000,0x00000000d5c20000,0x00000000d5c80000)
  to   space 512K, 0% used [0x00000000d5c80000,0x00000000d5c80000,0x00000000d5d00000)
 ParOldGen       total 438272K, used 75679K [0x0000000080000000, 0x000000009ac00000, 0x00000000d5580000)
  object space 438272K, 17% used [0x0000000080000000,0x00000000849e7c90,0x000000009ac00000)
 Metaspace       used 71276K, committed 72896K, reserved 1114112K
  class space    used 7249K, committed 7936K, reserved 1048576K
}
Event: 4300.539 GC heap after
{Heap after GC invocations=848 (full 4):
 PSYoungGen      total 5120K, used 256K [0x00000000d5580000, 0x00000000d5d00000, 0x0000000100000000)
  eden space 4608K, 0% used [0x00000000d5580000,0x00000000d5580000,0x00000000d5a00000)
  from space 512K, 50% used [0x00000000d5c80000,0x00000000d5cc0000,0x00000000d5d00000)
  to   space 512K, 0% used [0x00000000d5c00000,0x00000000d5c00000,0x00000000d5c80000)
 ParOldGen       total 438272K, used 75679K [0x0000000080000000, 0x000000009ac00000, 0x00000000d5580000)
  object space 438272K, 17% used [0x0000000080000000,0x00000000849e7c90,0x000000009ac00000)
 Metaspace       used 71276K, committed 72896K, reserved 1114112K
  class space    used 7249K, committed 7936K, reserved 1048576K
}
Event: 4300.633 GC heap before
{Heap before GC invocations=849 (full 4):
 PSYoungGen      total 5120K, used 4864K [0x00000000d5580000, 0x00000000d5d00000, 0x0000000100000000)
  eden space 4608K, 100% used [0x00000000d5580000,0x00000000d5a00000,0x00000000d5a00000)
  from space 512K, 50% used [0x00000000d5c80000,0x00000000d5cc0000,0x00000000d5d00000)
  to   space 512K, 0% used [0x00000000d5c00000,0x00000000d5c00000,0x00000000d5c80000)
 ParOldGen       total 438272K, used 75679K [0x0000000080000000, 0x000000009ac00000, 0x00000000d5580000)
  object space 438272K, 17% used [0x0000000080000000,0x00000000849e7c90,0x000000009ac00000)
 Metaspace       used 71276K, committed 72896K, reserved 1114112K
  class space    used 7249K, committed 7936K, reserved 1048576K
}
Event: 4300.634 GC heap after
{Heap after GC invocations=849 (full 4):
 PSYoungGen      total 5120K, used 96K [0x00000000d5580000, 0x00000000d5d00000, 0x0000000100000000)
  eden space 4608K, 0% used [0x00000000d5580000,0x00000000d5580000,0x00000000d5a00000)
  from space 512K, 18% used [0x00000000d5c00000,0x00000000d5c18000,0x00000000d5c80000)
  to   space 512K, 0% used [0x00000000d5c80000,0x00000000d5c80000,0x00000000d5d00000)
 ParOldGen       total 438272K, used 75743K [0x0000000080000000, 0x000000009ac00000, 0x00000000d5580000)
  object space 438272K, 17% used [0x0000000080000000,0x00000000849f7c90,0x000000009ac00000)
 Metaspace       used 71276K, committed 72896K, reserved 1114112K
  class space    used 7249K, committed 7936K, reserved 1048576K
}
Event: 4300.713 GC heap before
{Heap before GC invocations=850 (full 4):
 PSYoungGen      total 5120K, used 4704K [0x00000000d5580000, 0x00000000d5d00000, 0x0000000100000000)
  eden space 4608K, 100% used [0x00000000d5580000,0x00000000d5a00000,0x00000000d5a00000)
  from space 512K, 18% used [0x00000000d5c00000,0x00000000d5c18000,0x00000000d5c80000)
  to   space 512K, 0% used [0x00000000d5c80000,0x00000000d5c80000,0x00000000d5d00000)
 ParOldGen       total 438272K, used 75743K [0x0000000080000000, 0x000000009ac00000, 0x00000000d5580000)
  object space 438272K, 17% used [0x0000000080000000,0x00000000849f7c90,0x000000009ac00000)
 Metaspace       used 71276K, committed 72896K, reserved 1114112K
  class space    used 7249K, committed 7936K, reserved 1048576K
}
Event: 4300.713 GC heap after
{Heap after GC invocations=850 (full 4):
 PSYoungGen      total 5120K, used 160K [0x00000000d5580000, 0x00000000d5d00000, 0x0000000100000000)
  eden space 4608K, 0% used [0x00000000d5580000,0x00000000d5580000,0x00000000d5a00000)
  from space 512K, 31% used [0x00000000d5c80000,0x00000000d5ca8000,0x00000000d5d00000)
  to   space 512K, 0% used [0x00000000d5c00000,0x00000000d5c00000,0x00000000d5c80000)
 ParOldGen       total 438272K, used 75743K [0x0000000080000000, 0x000000009ac00000, 0x00000000d5580000)
  object space 438272K, 17% used [0x0000000080000000,0x00000000849f7c90,0x000000009ac00000)
 Metaspace       used 71276K, committed 72896K, reserved 1114112K
  class space    used 7249K, committed 7936K, reserved 1048576K
}
Event: 4300.796 GC heap before
{Heap before GC invocations=851 (full 4):
 PSYoungGen      total 5120K, used 4768K [0x00000000d5580000, 0x00000000d5d00000, 0x0000000100000000)
  eden space 4608K, 100% used [0x00000000d5580000,0x00000000d5a00000,0x00000000d5a00000)
  from space 512K, 31% used [0x00000000d5c80000,0x00000000d5ca8000,0x00000000d5d00000)
  to   space 512K, 0% used [0x00000000d5c00000,0x00000000d5c00000,0x00000000d5c80000)
 ParOldGen       total 438272K, used 75743K [0x0000000080000000, 0x000000009ac00000, 0x00000000d5580000)
  object space 438272K, 17% used [0x0000000080000000,0x00000000849f7c90,0x000000009ac00000)
 Metaspace       used 71276K, committed 72896K, reserved 1114112K
  class space    used 7249K, committed 7936K, reserved 1048576K
}
Event: 4300.796 GC heap after
{Heap after GC invocations=851 (full 4):
 PSYoungGen      total 5120K, used 160K [0x00000000d5580000, 0x00000000d5d00000, 0x0000000100000000)
  eden space 4608K, 0% used [0x00000000d5580000,0x00000000d5580000,0x00000000d5a00000)
  from space 512K, 31% used [0x00000000d5c00000,0x00000000d5c28000,0x00000000d5c80000)
  to   space 512K, 0% used [0x00000000d5c80000,0x00000000d5c80000,0x00000000d5d00000)
 ParOldGen       total 438272K, used 75743K [0x0000000080000000, 0x000000009ac00000, 0x00000000d5580000)
  object space 438272K, 17% used [0x0000000080000000,0x00000000849f7c90,0x000000009ac00000)
 Metaspace       used 71276K, committed 72896K, reserved 1114112K
  class space    used 7249K, committed 7936K, reserved 1048576K
}
Event: 4300.877 GC heap before
{Heap before GC invocations=852 (full 4):
 PSYoungGen      total 5120K, used 4768K [0x00000000d5580000, 0x00000000d5d00000, 0x0000000100000000)
  eden space 4608K, 100% used [0x00000000d5580000,0x00000000d5a00000,0x00000000d5a00000)
  from space 512K, 31% used [0x00000000d5c00000,0x00000000d5c28000,0x00000000d5c80000)
  to   space 512K, 0% used [0x00000000d5c80000,0x00000000d5c80000,0x00000000d5d00000)
 ParOldGen       total 438272K, used 75743K [0x0000000080000000, 0x000000009ac00000, 0x00000000d5580000)
  object space 438272K, 17% used [0x0000000080000000,0x00000000849f7c90,0x000000009ac00000)
 Metaspace       used 71276K, committed 72896K, reserved 1114112K
  class space    used 7249K, committed 7936K, reserved 1048576K
}
Event: 4300.878 GC heap after
{Heap after GC invocations=852 (full 4):
 PSYoungGen      total 5120K, used 96K [0x00000000d5580000, 0x00000000d5d00000, 0x0000000100000000)
  eden space 4608K, 0% used [0x00000000d5580000,0x00000000d5580000,0x00000000d5a00000)
  from space 512K, 18% used [0x00000000d5c80000,0x00000000d5c98000,0x00000000d5d00000)
  to   space 512K, 0% used [0x00000000d5c00000,0x00000000d5c00000,0x00000000d5c80000)
 ParOldGen       total 438272K, used 75743K [0x0000000080000000, 0x000000009ac00000, 0x00000000d5580000)
  object space 438272K, 17% used [0x0000000080000000,0x00000000849f7c90,0x000000009ac00000)
 Metaspace       used 71276K, committed 72896K, reserved 1114112K
  class space    used 7249K, committed 7936K, reserved 1048576K
}
Event: 4300.960 GC heap before
{Heap before GC invocations=853 (full 4):
 PSYoungGen      total 5120K, used 4704K [0x00000000d5580000, 0x00000000d5d00000, 0x0000000100000000)
  eden space 4608K, 100% used [0x00000000d5580000,0x00000000d5a00000,0x00000000d5a00000)
  from space 512K, 18% used [0x00000000d5c80000,0x00000000d5c98000,0x00000000d5d00000)
  to   space 512K, 0% used [0x00000000d5c00000,0x00000000d5c00000,0x00000000d5c80000)
 ParOldGen       total 438272K, used 75743K [0x0000000080000000, 0x000000009ac00000, 0x00000000d5580000)
  object space 438272K, 17% used [0x0000000080000000,0x00000000849f7c90,0x000000009ac00000)
 Metaspace       used 71276K, committed 72896K, reserved 1114112K
  class space    used 7249K, committed 7936K, reserved 1048576K
}
Event: 4300.960 GC heap after
{Heap after GC invocations=853 (full 4):
 PSYoungGen      total 5120K, used 192K [0x00000000d5580000, 0x00000000d5d00000, 0x0000000100000000)
  eden space 4608K, 0% used [0x00000000d5580000,0x00000000d5580000,0x00000000d5a00000)
  from space 512K, 37% used [0x00000000d5c00000,0x00000000d5c30000,0x00000000d5c80000)
  to   space 512K, 0% used [0x00000000d5c80000,0x00000000d5c80000,0x00000000d5d00000)
 ParOldGen       total 438272K, used 75743K [0x0000000080000000, 0x000000009ac00000, 0x00000000d5580000)
  object space 438272K, 17% used [0x0000000080000000,0x00000000849f7c90,0x000000009ac00000)
 Metaspace       used 71276K, committed 72896K, reserved 1114112K
  class space    used 7249K, committed 7936K, reserved 1048576K
}
Event: 6829.779 GC heap before
{Heap before GC invocations=854 (full 4):
 PSYoungGen      total 5120K, used 4790K [0x00000000d5580000, 0x00000000d5d00000, 0x0000000100000000)
  eden space 4608K, 99% used [0x00000000d5580000,0x00000000d59fda60,0x00000000d5a00000)
  from space 512K, 37% used [0x00000000d5c00000,0x00000000d5c30000,0x00000000d5c80000)
  to   space 512K, 0% used [0x00000000d5c80000,0x00000000d5c80000,0x00000000d5d00000)
 ParOldGen       total 438272K, used 75743K [0x0000000080000000, 0x000000009ac00000, 0x00000000d5580000)
  object space 438272K, 17% used [0x0000000080000000,0x00000000849f7c90,0x000000009ac00000)
 Metaspace       used 71327K, committed 72896K, reserved 1114112K
  class space    used 7260K, committed 7936K, reserved 1048576K
}
Event: 6829.841 GC heap after
{Heap after GC invocations=854 (full 4):
 PSYoungGen      total 5120K, used 256K [0x00000000d5580000, 0x00000000d5d00000, 0x0000000100000000)
  eden space 4608K, 0% used [0x00000000d5580000,0x00000000d5580000,0x00000000d5a00000)
  from space 512K, 50% used [0x00000000d5c80000,0x00000000d5cc0000,0x00000000d5d00000)
  to   space 512K, 0% used [0x00000000d5c00000,0x00000000d5c00000,0x00000000d5c80000)
 ParOldGen       total 438272K, used 75743K [0x0000000080000000, 0x000000009ac00000, 0x00000000d5580000)
  object space 438272K, 17% used [0x0000000080000000,0x00000000849f7c90,0x000000009ac00000)
 Metaspace       used 71327K, committed 72896K, reserved 1114112K
  class space    used 7260K, committed 7936K, reserved 1048576K
}
Event: 6830.111 GC heap before
{Heap before GC invocations=855 (full 4):
 PSYoungGen      total 5120K, used 4816K [0x00000000d5580000, 0x00000000d5d00000, 0x0000000100000000)
  eden space 4608K, 98% used [0x00000000d5580000,0x00000000d59f4238,0x00000000d5a00000)
  from space 512K, 50% used [0x00000000d5c80000,0x00000000d5cc0000,0x00000000d5d00000)
  to   space 512K, 0% used [0x00000000d5c00000,0x00000000d5c00000,0x00000000d5c80000)
 ParOldGen       total 438272K, used 75743K [0x0000000080000000, 0x000000009ac00000, 0x00000000d5580000)
  object space 438272K, 17% used [0x0000000080000000,0x00000000849f7c90,0x000000009ac00000)
 Metaspace       used 71330K, committed 72896K, reserved 1114112K
  class space    used 7260K, committed 7936K, reserved 1048576K
}
Event: 6830.122 GC heap after
{Heap after GC invocations=855 (full 4):
 PSYoungGen      total 5120K, used 224K [0x00000000d5580000, 0x00000000d5d00000, 0x0000000100000000)
  eden space 4608K, 0% used [0x00000000d5580000,0x00000000d5580000,0x00000000d5a00000)
  from space 512K, 43% used [0x00000000d5c00000,0x00000000d5c38000,0x00000000d5c80000)
  to   space 512K, 0% used [0x00000000d5c80000,0x00000000d5c80000,0x00000000d5d00000)
 ParOldGen       total 438272K, used 75815K [0x0000000080000000, 0x000000009ac00000, 0x00000000d5580000)
  object space 438272K, 17% used [0x0000000080000000,0x0000000084a09cb0,0x000000009ac00000)
 Metaspace       used 71330K, committed 72896K, reserved 1114112K
  class space    used 7260K, committed 7936K, reserved 1048576K
}
Event: 6830.825 GC heap before
{Heap before GC invocations=856 (full 4):
 PSYoungGen      total 5120K, used 4828K [0x00000000d5580000, 0x00000000d5d00000, 0x0000000100000000)
  eden space 4608K, 99% used [0x00000000d5580000,0x00000000d59ff1b8,0x00000000d5a00000)
  from space 512K, 43% used [0x00000000d5c00000,0x00000000d5c38000,0x00000000d5c80000)
  to   space 512K, 0% used [0x00000000d5c80000,0x00000000d5c80000,0x00000000d5d00000)
 ParOldGen       total 438272K, used 75815K [0x0000000080000000, 0x000000009ac00000, 0x00000000d5580000)
  object space 438272K, 17% used [0x0000000080000000,0x0000000084a09cb0,0x000000009ac00000)
 Metaspace       used 71358K, committed 72960K, reserved 1114112K
  class space    used 7263K, committed 8000K, reserved 1048576K
}
Event: 6830.830 GC heap after
{Heap after GC invocations=856 (full 4):
 PSYoungGen      total 5120K, used 192K [0x00000000d5580000, 0x00000000d5d00000, 0x0000000100000000)
  eden space 4608K, 0% used [0x00000000d5580000,0x00000000d5580000,0x00000000d5a00000)
  from space 512K, 37% used [0x00000000d5c80000,0x00000000d5cb0000,0x00000000d5d00000)
  to   space 512K, 0% used [0x00000000d5c00000,0x00000000d5c00000,0x00000000d5c80000)
 ParOldGen       total 438272K, used 75847K [0x0000000080000000, 0x000000009ac00000, 0x00000000d5580000)
  object space 438272K, 17% used [0x0000000080000000,0x0000000084a11cb0,0x000000009ac00000)
 Metaspace       used 71358K, committed 72960K, reserved 1114112K
  class space    used 7263K, committed 8000K, reserved 1048576K
}

